[    0.000000] Initializing cgroup subsys cpuset
[    0.000000] Initializing cgroup subsys cpu
[    0.000000] Initializing cgroup subsys cpuacct
[    0.000000] Linux version 4.4.0-186-generic (buildd@lcy01-amd64-002) (gcc version 5.4.0 20160609 (Ubuntu 5.4.0-6ubuntu1~16.04.12) ) #216-Ubuntu SMP Wed Jul 1 05:34:05 UTC 2020 (Ubuntu 4.4.0-186.216-generic 4.4.228)
[    0.000000] Command line: BOOT_IMAGE=/boot/vmlinuz-4.4.0-186-generic root=UUID=34028db4-1a50-408f-8d44-ab3f92ccc29a ro console=tty1 console=ttyS0
[    0.000000] KERNEL supported cpus:
[    0.000000]   Intel GenuineIntel
[    0.000000]   AMD AuthenticAMD
[    0.000000]   Centaur CentaurHauls
[    0.000000] x86/fpu: xstate_offset[2]:  576, xstate_sizes[2]:  256
[    0.000000] x86/fpu: Supporting XSAVE feature 0x01: 'x87 floating point registers'
[    0.000000] x86/fpu: Supporting XSAVE feature 0x02: 'SSE registers'
[    0.000000] x86/fpu: Supporting XSAVE feature 0x04: 'AVX registers'
[    0.000000] x86/fpu: Enabled xstate features 0x7, context size is 832 bytes, using 'standard' format.
[    0.000000] e820: BIOS-provided physical RAM map:
[    0.000000] BIOS-e820: [mem 0x0000000000000000-0x000000000009fbff] usable
[    0.000000] BIOS-e820: [mem 0x000000000009fc00-0x000000000009ffff] reserved
[    0.000000] BIOS-e820: [mem 0x00000000000f0000-0x00000000000fffff] reserved
[    0.000000] BIOS-e820: [mem 0x0000000000100000-0x000000003ffeffff] usable
[    0.000000] BIOS-e820: [mem 0x000000003fff0000-0x000000003fffffff] ACPI data
[    0.000000] BIOS-e820: [mem 0x00000000fec00000-0x00000000fec00fff] reserved
[    0.000000] BIOS-e820: [mem 0x00000000fee00000-0x00000000fee00fff] reserved
[    0.000000] BIOS-e820: [mem 0x00000000fffc0000-0x00000000ffffffff] reserved
[    0.000000] NX (Execute Disable) protection: active
[    0.000000] SMBIOS 2.5 present.
[    0.000000] Hypervisor detected: KVM
[    0.000000] e820: last_pfn = 0x3fff0 max_arch_pfn = 0x400000000
[    0.000000] MTRR: Disabled
[    0.000000] x86/PAT: MTRRs disabled, skipping PAT initialization too.
[    0.000000] CPU MTRRs all blank - virtualized system.
[    0.000000] x86/PAT: Configuration [0-7]: WB  WT  UC- UC  WB  WT  UC- UC  
[    0.000000] found SMP MP-table at [mem 0x0009fff0-0x0009ffff] mapped at [ffff88000009fff0]
[    0.000000] Scanning 1 areas for low memory corruption
[    0.000000] RAMDISK: [mem 0x362de000-0x37166fff]
[    0.000000] ACPI: Early table checksum verification disabled
[    0.000000] ACPI: RSDP 0x00000000000E0000 000024 (v02 VBOX  )
[    0.000000] ACPI: XSDT 0x000000003FFF0030 00003C (v01 VBOX   VBOXXSDT 00000001 ASL  00000061)
[    0.000000] ACPI: FACP 0x000000003FFF00F0 0000F4 (v04 VBOX   VBOXFACP 00000001 ASL  00000061)
[    0.000000] ACPI: DSDT 0x000000003FFF0470 002325 (v02 VBOX   VBOXBIOS 00000002 INTL 20100528)
[    0.000000] ACPI: FACS 0x000000003FFF0200 000040
[    0.000000] ACPI: FACS 0x000000003FFF0200 000040
[    0.000000] ACPI: APIC 0x000000003FFF0240 00005C (v02 VBOX   VBOXAPIC 00000001 ASL  00000061)
[    0.000000] ACPI: SSDT 0x000000003FFF02A0 0001CC (v01 VBOX   VBOXCPUT 00000002 INTL 20100528)
[    0.000000] No NUMA configuration found
[    0.000000] Faking a node at [mem 0x0000000000000000-0x000000003ffeffff]
[    0.000000] NODE_DATA(0) allocated [mem 0x3ffeb000-0x3ffeffff]
[    0.000000] kvm-clock: Using msrs 4b564d01 and 4b564d00
[    0.000000] kvm-clock: cpu 0, msr 0:3ffe3001, primary cpu clock
[    0.000000] kvm-clock: using sched offset of 6816561236 cycles
[    0.000000] clocksource: kvm-clock: mask: 0xffffffffffffffff max_cycles: 0x1cd42e4dffb, max_idle_ns: 881590591483 ns
[    0.000000] Zone ranges:
[    0.000000]   DMA      [mem 0x0000000000001000-0x0000000000ffffff]
[    0.000000]   DMA32    [mem 0x0000000001000000-0x000000003ffeffff]
[    0.000000]   Normal   empty
[    0.000000]   Device   empty
[    0.000000] Movable zone start for each node
[    0.000000] Early memory node ranges
[    0.000000]   node   0: [mem 0x0000000000001000-0x000000000009efff]
[    0.000000]   node   0: [mem 0x0000000000100000-0x000000003ffeffff]
[    0.000000] Initmem setup node 0 [mem 0x0000000000001000-0x000000003ffeffff]
[    0.000000] ACPI: PM-Timer IO Port: 0x4008
[    0.000000] IOAPIC[0]: apic_id 2, version 32, address 0xfec00000, GSI 0-23
[    0.000000] ACPI: INT_SRC_OVR (bus 0 bus_irq 0 global_irq 2 dfl dfl)
[    0.000000] ACPI: INT_SRC_OVR (bus 0 bus_irq 9 global_irq 9 low level)
[    0.000000] Using ACPI (MADT) for SMP configuration information
[    0.000000] smpboot: Allowing 2 CPUs, 0 hotplug CPUs
[    0.000000] PM: Registered nosave memory: [mem 0x00000000-0x00000fff]
[    0.000000] PM: Registered nosave memory: [mem 0x0009f000-0x0009ffff]
[    0.000000] PM: Registered nosave memory: [mem 0x000a0000-0x000effff]
[    0.000000] PM: Registered nosave memory: [mem 0x000f0000-0x000fffff]
[    0.000000] e820: [mem 0x40000000-0xfebfffff] available for PCI devices
[    0.000000] Booting paravirtualized kernel on KVM
[    0.000000] clocksource: refined-jiffies: mask: 0xffffffff max_cycles: 0xffffffff, max_idle_ns: 7645519600211568 ns
[    0.000000] setup_percpu: NR_CPUS:512 nr_cpumask_bits:512 nr_cpu_ids:2 nr_node_ids:1
[    0.000000] PERCPU: Embedded 33 pages/cpu @ffff88003fc00000 s95512 r8192 d31464 u1048576
[    0.000000] Built 1 zonelists in Node order, mobility grouping on.  Total pages: 257912
[    0.000000] Policy zone: DMA32
[    0.000000] Kernel command line: BOOT_IMAGE=/boot/vmlinuz-4.4.0-186-generic root=UUID=34028db4-1a50-408f-8d44-ab3f92ccc29a ro console=tty1 console=ttyS0
[    0.000000] PID hash table entries: 4096 (order: 3, 32768 bytes)
[    0.000000] Memory: 997660K/1048120K available (8636K kernel code, 1337K rwdata, 4040K rodata, 1492K init, 1296K bss, 50460K reserved, 0K cma-reserved)
[    0.000000] SLUB: HWalign=64, Order=0-3, MinObjects=0, CPUs=2, Nodes=1
[    0.000000] Kernel/User page tables isolation: enabled
[    0.000000] Hierarchical RCU implementation.
[    0.000000] 	Build-time adjustment of leaf fanout to 64.
[    0.000000] 	RCU restricting CPUs from NR_CPUS=512 to nr_cpu_ids=2.
[    0.000000] RCU: Adjusting geometry for rcu_fanout_leaf=64, nr_cpu_ids=2
[    0.000000] NR_IRQS:33024 nr_irqs:440 16
[    0.000000] Console: colour VGA+ 80x25
[    0.000000] console [tty1] enabled
[    0.000000] console [ttyS0] enabled
[    0.000000] tsc: Detected 2799.998 MHz processor
[    0.883268] Calibrating delay loop (skipped) preset value.. 5599.99 BogoMIPS (lpj=11199992)
[    0.886109] pid_max: default: 32768 minimum: 301
[    0.890054] ACPI: Core revision 20150930
[    0.893322] ACPI: 2 ACPI AML tables successfully acquired and loaded
[    0.897739] Security Framework initialized
[    0.899878] Yama: becoming mindful.
[    0.907865] AppArmor: AppArmor initialized
[    0.913897] Dentry cache hash table entries: 131072 (order: 8, 1048576 bytes)
[    0.929334] Inode-cache hash table entries: 65536 (order: 7, 524288 bytes)
[    0.947147] Mount-cache hash table entries: 2048 (order: 2, 16384 bytes)
[    0.950622] Mountpoint-cache hash table entries: 2048 (order: 2, 16384 bytes)
[    0.952707] Initializing cgroup subsys io
[    0.953962] Initializing cgroup subsys memory
[    0.959877] Initializing cgroup subsys devices
[    0.968287] Initializing cgroup subsys freezer
[    0.978608] Initializing cgroup subsys net_cls
[    0.982127] Initializing cgroup subsys perf_event
[    0.986598] Initializing cgroup subsys net_prio
[    0.996047] Initializing cgroup subsys hugetlb
[    1.011660] Initializing cgroup subsys pids
[    1.026816] mce: CPU supports 0 MCE banks
[    1.031666] Last level iTLB entries: 4KB 1024, 2MB 1024, 4MB 1024
[    1.034178] Last level dTLB entries: 4KB 1024, 2MB 1024, 4MB 1024, 1GB 4
[    1.045477] Spectre V1 : Mitigation: usercopy/swapgs barriers and __user pointer sanitization
[    1.069294] Spectre V2 : Mitigation: Full generic retpoline
[    1.079302] Spectre V2 : Spectre v2 / SpectreRSB mitigation: Filling RSB on context switch
[    1.085094] Speculative Store Bypass: Vulnerable
[    1.086289] SRBDS: Unknown: Dependent on hypervisor status
[    1.093176] MDS: Mitigation: Clear CPU buffers
[    1.099690] Freeing SMP alternatives memory: 36K
[    1.110858] ftrace: allocating 32334 entries in 127 pages
[    1.240004] smpboot: APIC(0) Converting physical 0 to logical package 0
[    1.250501] smpboot: Max logical packages: 1
[    1.254891] x2apic enabled
[    1.256811] Switched APIC routing to physical x2apic.
[    1.269232] ..TIMER: vector=0x30 apic1=0 pin1=2 apic2=-1 pin2=-1
[    1.390670] APIC calibration not consistent with PM-Timer: 101ms instead of 100ms
[    1.401998] APIC delta adjusted to PM-Timer: 6249318 (6319414)
[    1.413310] smpboot: CPU0: Intel(R) Core(TM) i7-4558U CPU @ 2.80GHz (family: 0x6, model: 0x45, stepping: 0x1)
[    1.425795] Performance Events: unsupported p6 CPU model 69 no PMU driver, software events only.
[    1.456813] KVM setup paravirtual spinlock
[    1.478743] x86: Booting SMP configuration:
[    1.480420] .... node  #0, CPUs:      #1
[    1.484313] kvm-clock: cpu 1, msr 0:3ffe3041, secondary cpu clock
[    1.504863] mce: CPU supports 0 MCE banks
[    1.509181] x86: Booted up 1 node, 2 CPUs
[    1.511865] smpboot: Total of 2 processors activated (11199.99 BogoMIPS)
[    1.520095] devtmpfs: initialized
[    1.532978] evm: security.selinux
[    1.543172] evm: security.SMACK64
[    1.547338] evm: security.SMACK64EXEC
[    1.549307] evm: security.SMACK64TRANSMUTE
[    1.550740] evm: security.SMACK64MMAP
[    1.554838] evm: security.ima
[    1.556422] evm: security.capability
[    1.562307] clocksource: jiffies: mask: 0xffffffff max_cycles: 0xffffffff, max_idle_ns: 7645041785100000 ns
[    1.570727] futex hash table entries: 512 (order: 3, 32768 bytes)
[    1.575521] pinctrl core: initialized pinctrl subsystem
[    1.579062] RTC time: 13:21:58, date: 08/04/20
[    1.580959] NET: Registered protocol family 16
[    1.594284] cpuidle: using governor ladder
[    1.606473] cpuidle: using governor menu
[    1.609828] PCCT header not found.
[    1.611704] ACPI: bus type PCI registered
[    1.615875] acpiphp: ACPI Hot Plug PCI Controller Driver version: 0.5
[    1.624819] PCI: Using configuration type 1 for base access
[    1.644544] ACPI: Added _OSI(Module Device)
[    1.646476] ACPI: Added _OSI(Processor Device)
[    1.648470] ACPI: Added _OSI(3.0 _SCP Extensions)
[    1.650480] ACPI: Added _OSI(Processor Aggregator Device)
[    1.658910] ACPI: Executed 1 blocks of module-level executable AML code
[    1.682168] ACPI: Interpreter enabled
[    1.683234] ACPI: (supports S0 S5)
[    1.687377] ACPI: Using IOAPIC for interrupt routing
[    1.690966] PCI: Using host bridge windows from ACPI; if necessary, use "pci=nocrs" and report a bug
[    1.700669] ACPI: PCI Root Bridge [PCI0] (domain 0000 [bus 00-ff])
[    1.708727] acpi PNP0A03:00: _OSC: OS supports [ASPM ClockPM Segments MSI]
[    1.713609] acpi PNP0A03:00: _OSC: not requesting OS control; OS requires [ExtendedConfig ASPM ClockPM MSI]
[    1.729013] acpi PNP0A03:00: fail to add MMCONFIG information, can't access extended PCI configuration space under this bridge.
[    1.743622] PCI host bridge to bus 0000:00
[    1.747692] pci_bus 0000:00: root bus resource [io  0x0000-0x0cf7 window]
[    1.752177] pci_bus 0000:00: root bus resource [io  0x0d00-0xffff window]
[    1.759570] pci_bus 0000:00: root bus resource [mem 0x000a0000-0x000bffff window]
[    1.775122] pci_bus 0000:00: root bus resource [mem 0x40000000-0xfdffffff window]
[    1.780879] pci_bus 0000:00: root bus resource [bus 00-ff]
[    1.832567] pci 0000:00:01.1: legacy IDE quirk: reg 0x10: [io  0x01f0-0x01f7]
[    1.835209] pci 0000:00:01.1: legacy IDE quirk: reg 0x14: [io  0x03f6]
[    1.838655] pci 0000:00:01.1: legacy IDE quirk: reg 0x18: [io  0x0170-0x0177]
[    1.842106] pci 0000:00:01.1: legacy IDE quirk: reg 0x1c: [io  0x0376]
[    1.915978] pci 0000:00:07.0: quirk: [io  0x4000-0x403f] claimed by PIIX4 ACPI
[    1.920476] pci 0000:00:07.0: quirk: [io  0x4100-0x410f] claimed by PIIX4 SMB
[    2.011926] ACPI: PCI Interrupt Link [LNKA] (IRQs 5 9 10 *11)
[    2.042550] ACPI: PCI Interrupt Link [LNKB] (IRQs 5 9 *10 11)
[    2.066671] ACPI: PCI Interrupt Link [LNKC] (IRQs 5 *9 10 11)
[    2.076477] ACPI: PCI Interrupt Link [LNKD] (IRQs 5 9 10 *11)
[    2.105827] ACPI: Enabled 2 GPEs in block 00 to 07
[    2.116731] vgaarb: setting as boot device: PCI:0000:00:02.0
[    2.130286] vgaarb: device added: PCI:0000:00:02.0,decodes=io+mem,owns=io+mem,locks=none
[    2.149087] vgaarb: loaded
[    2.152516] vgaarb: bridge control possible 0000:00:02.0
[    2.177617] SCSI subsystem initialized
[    2.183545] ACPI: bus type USB registered
[    2.188816] usbcore: registered new interface driver usbfs
[    2.201318] usbcore: registered new interface driver hub
[    2.213484] usbcore: registered new device driver usb
[    2.219761] PCI: Using ACPI for IRQ routing
[    2.237699] NetLabel: Initializing
[    2.246945] NetLabel:  domain hash size = 128
[    2.252110] NetLabel:  protocols = UNLABELED CIPSOv4
[    2.264140] NetLabel:  unlabeled traffic allowed by default
[    2.283127] amd_nb: Cannot enumerate AMD northbridges
[    2.285273] clocksource: Switched to clocksource kvm-clock
[    2.317972] AppArmor: AppArmor Filesystem Enabled
[    2.322107] pnp: PnP ACPI init
[    2.340761] pnp: PnP ACPI: found 3 devices
[    2.362573] clocksource: acpi_pm: mask: 0xffffff max_cycles: 0xffffff, max_idle_ns: 2085701024 ns
[    2.379541] NET: Registered protocol family 2
[    2.382454] TCP established hash table entries: 8192 (order: 4, 65536 bytes)
[    2.386692] TCP bind hash table entries: 8192 (order: 5, 131072 bytes)
[    2.395891] TCP: Hash tables configured (established 8192 bind 8192)
[    2.414767] UDP hash table entries: 512 (order: 2, 16384 bytes)
[    2.419728] UDP-Lite hash table entries: 512 (order: 2, 16384 bytes)
[    2.430617] NET: Registered protocol family 1
[    2.432326] pci 0000:00:00.0: Limiting direct PCI/PCI transfers
[    2.436244] pci 0000:00:01.0: Activating ISA DMA hang workarounds
[    2.445895] Unpacking initramfs...
[    2.993189] Freeing initrd memory: 14884K
[    2.999114] RAPL PMU detected, API unit is 2^-32 Joules, 4 fixed counters 10737418240 ms ovfl timer
[    3.018039] hw unit of domain pp0-core 2^-0 Joules
[    3.027866] hw unit of domain package 2^-0 Joules
[    3.035494] hw unit of domain dram 2^-0 Joules
[    3.037879] hw unit of domain pp1-gpu 2^-0 Joules
[    3.043822] clocksource: tsc: mask: 0xffffffffffffffff max_cycles: 0x285c3ee517e, max_idle_ns: 440795257231 ns
[    3.048637] platform rtc_cmos: registered platform RTC device (no PNP device found)
[    3.054712] Scanning for low memory corruption every 60 seconds
[    3.064483] audit: initializing netlink subsys (disabled)
[    3.075926] audit: type=2000 audit(1596547327.220:1): initialized
[    3.079743] Initialise system trusted keyring
[    3.083382] HugeTLB registered 2 MB page size, pre-allocated 0 pages
[    3.095833] zbud: loaded
[    3.102201] VFS: Disk quotas dquot_6.6.0
[    3.105016] VFS: Dquot-cache hash table entries: 512 (order 0, 4096 bytes)
[    3.108005] squashfs: version 4.0 (2009/01/31) Phillip Lougher
[    3.111056] fuse init (API version 7.23)
[    3.113466] Key type big_key registered
[    3.116474] Allocating IMA MOK and blacklist keyrings.
[    3.133577] Key type asymmetric registered
[    3.140092] Asymmetric key parser 'x509' registered
[    3.144488] Block layer SCSI generic (bsg) driver version 0.4 loaded (major 249)
[    3.155099] io scheduler noop registered
[    3.177447] io scheduler deadline registered (default)
[    3.179250] io scheduler cfq registered
[    3.180575] pci_hotplug: PCI Hot Plug PCI Core version: 0.5
[    3.182734] pciehp: PCI Express Hot Plug Controller Driver version: 0.4
[    3.185664] ACPI: AC Adapter [AC] (on-line)
[    3.187315] input: Power Button as /devices/LNXSYSTM:00/LNXPWRBN:00/input/input0
[    3.193030] ACPI: Power Button [PWRF]
[    3.195994] input: Sleep Button as /devices/LNXSYSTM:00/LNXSLPBN:00/input/input1
[    3.199612] ACPI: Sleep Button [SLPF]
[    3.219392] GHES: HEST is not enabled!
[    3.222025] ACPI: Battery Slot [BAT0] (battery present)
[    3.230444] Serial: 8250/16550 driver, 32 ports, IRQ sharing enabled
[    3.256603] 00:02: ttyS0 at I/O 0x3f8 (irq = 4, base_baud = 115200) is a 16550A
[    3.279378] Linux agpgart interface v0.103
[    3.285667] loop: module loaded
[    3.291086] scsi host0: ata_piix
[    3.309367] scsi host1: ata_piix
[    3.311849] ata1: PATA max UDMA/33 cmd 0x1f0 ctl 0x3f6 bmdma 0xd000 irq 14
[    3.317025] ata2: PATA max UDMA/33 cmd 0x170 ctl 0x376 bmdma 0xd008 irq 15
[    3.319925] libphy: Fixed MDIO Bus: probed
[    3.322338] tun: Universal TUN/TAP device driver, 1.6
[    3.343924] tun: (C) 1999-2004 Max Krasnyansky <maxk@qualcomm.com>
[    3.380781] PPP generic driver version 2.4.2
[    3.383909] ehci_hcd: USB 2.0 'Enhanced' Host Controller (EHCI) Driver
[    3.387605] ehci-pci: EHCI PCI platform driver
[    3.395518] ehci-platform: EHCI generic platform driver
[    3.410447] ohci_hcd: USB 1.1 'Open' Host Controller (OHCI) Driver
[    3.415047] ohci-pci: OHCI PCI platform driver
[    3.418228] ohci-platform: OHCI generic platform driver
[    3.437537] uhci_hcd: USB Universal Host Controller Interface driver
[    3.453015] i8042: PNP: PS/2 Controller [PNP0303:PS2K,PNP0f03:PS2M] at 0x60,0x64 irq 1,12
[    3.475280] serio: i8042 KBD port at 0x60,0x64 irq 1
[    3.486656] serio: i8042 AUX port at 0x60,0x64 irq 12
[    3.537180] mousedev: PS/2 mouse device common for all mice
[    3.550894] input: AT Translated Set 2 keyboard as /devices/platform/i8042/serio0/input/input2
[    3.561615] rtc_cmos rtc_cmos: rtc core: registered rtc_cmos as rtc0
[    3.574564] rtc_cmos rtc_cmos: alarms up to one day, 114 bytes nvram
[    3.584600] i2c /dev entries driver
[    3.587166] device-mapper: uevent: version 1.0.3
[    3.595716] device-mapper: ioctl: 4.34.0-ioctl (2015-10-28) initialised: dm-devel@redhat.com
[    3.603602] ledtrig-cpu: registered to indicate activity on CPUs
[    3.618809] NET: Registered protocol family 10
[    3.635324] NET: Registered protocol family 17
[    3.648777] Key type dns_resolver registered
[    3.653644] registered taskstats version 1
[    3.655085] Loading compiled-in X.509 certificates
[    3.667695] Loaded X.509 cert 'Build time autogenerated kernel key: cef5e81496c0efa51b848ab539e845ddf31c08be'
[    3.679802] zswap: loaded using pool lzo/zbud
[    3.690212] Key type trusted registered
[    3.700632] Key type encrypted registered
[    3.702026] AppArmor: AppArmor sha1 policy hashing enabled
[    3.713093] ima: No TPM chip found, activating TPM-bypass!
[    3.716938] ima: Allocated hash algorithm: sha1
[    3.718634] evm: HMAC attrs: 0x1
[    3.721721]   Magic number: 0:513:381
[    3.727942] rtc_cmos rtc_cmos: setting system clock to 2020-08-04 13:22:00 UTC (1596547320)
[    3.743240] BIOS EDD facility v0.16 2004-Jun-25, 0 devices found
[    3.749119] EDD information not available.
[    3.753611] Freeing unused kernel memory: 1492K
[    3.774372] Write protecting the kernel read-only data: 14336k
[    3.781946] Freeing unused kernel memory: 1592K
[    3.789375] Freeing unused kernel memory: 56K
Loading, please wait...
starting version 229
[    3.851523] random: systemd-udevd: uninitialized urandom read (16 bytes read, 3 bits of entropy available)
[    3.852065] random: udevadm: uninitialized urandom read (16 bytes read, 3 bits of entropy available)
[    3.852091] random: udevadm: uninitialized urandom read (16 bytes read, 3 bits of entropy available)
[    3.877717] random: udevadm: uninitialized urandom read (16 bytes read, 3 bits of entropy available)
[    3.877821] random: udevadm: uninitialized urandom read (16 bytes read, 3 bits of entropy available)
[    3.885236] random: udevadm: uninitialized urandom read (16 bytes read, 3 bits of entropy available)
[    3.885370] random: udevadm: uninitialized urandom read (16 bytes read, 3 bits of entropy available)
[    3.885469] random: udevadm: uninitialized urandom read (16 bytes read, 3 bits of entropy available)
[    3.885565] random: udevadm: uninitialized urandom read (16 bytes read, 3 bits of entropy available)
[    3.886138] random: udevadm: uninitialized urandom read (16 bytes read, 3 bits of entropy available)
[    4.190173] e1000: Intel(R) PRO/1000 Network Driver - version 7.3.21-k8-NAPI
[    4.199246] e1000: Copyright (c) 1999-2006 Intel Corporation.
[    4.221619] Fusion MPT base driver 3.04.20
[    4.227611] Copyright (c) 1999-2008 LSI Corporation
[    4.319309] Fusion MPT SPI Host driver 3.04.20
[    4.514997] input: ImExPS/2 Generic Explorer Mouse as /devices/platform/i8042/serio1/input/input4
[    4.533690] AVX2 version of gcm_enc/dec engaged.
[    4.545210] AES CTR mode by8 optimization enabled
[    5.464937] e1000 0000:00:03.0 eth0: (PCI:33MHz:32-bit) 02:81:88:50:25:98
[    5.479850] e1000 0000:00:03.0 eth0: Intel(R) PRO/1000 Network Connection
[    5.484128] mptbase: ioc0: Initiating bringup
[    5.549803] ioc0: LSI53C1030 A0: Capabilities={Initiator}
[    5.722691] scsi host2: ioc0: LSI53C1030 A0, FwRev=00000000h, Ports=1, MaxQ=256, IRQ=20
[    5.843529] scsi 2:0:0:0: Direct-Access     VBOX     HARDDISK         1.0  PQ: 0 ANSI: 5
[    5.848688] scsi target2:0:0: Beginning Domain Validation
[    5.885277] scsi target2:0:0: Domain Validation skipping write tests
[    5.888088] scsi target2:0:0: Ending Domain Validation
[    5.905116] scsi target2:0:0: asynchronous
[    5.929217] scsi 2:0:1:0: Direct-Access     VBOX     HARDDISK         1.0  PQ: 0 ANSI: 5
[    5.935658] scsi target2:0:1: Beginning Domain Validation
[    5.947721] scsi target2:0:1: Domain Validation skipping write tests
[    5.951211] scsi target2:0:1: Ending Domain Validation
[    5.953387] scsi target2:0:1: asynchronous
[    5.995548] sd 2:0:0:0: Attached scsi generic sg0 type 0
[    5.999061] sd 2:0:0:0: [sda] 20971520 512-byte logical blocks: (10.7 GB/10.0 GiB)
[    6.003723] sd 2:0:1:0: Attached scsi generic sg1 type 0
[    6.009181] sd 2:0:0:0: [sda] Write Protect is off
[    6.020284] sd 2:0:0:0: [sda] Incomplete mode parameter data
[    6.219555] sd 2:0:0:0: [sda] Assuming drive cache: write through
[    6.257384] sd 2:0:1:0: [sdb] 20480 512-byte logical blocks: (10.5 MB/10.0 MiB)
[    6.289987] sd 2:0:1:0: [sdb] Write Protect is off
[    6.308614]  sda: sda1
[    6.327560] sd 2:0:1:0: [sdb] Incomplete mode parameter data
[    6.337653] sd 2:0:1:0: [sdb] Assuming drive cache: write through
[    6.354974] sd 2:0:0:0: [sda] Attached SCSI disk
[    6.370509] sd 2:0:1:0: [sdb] Attached SCSI disk
[    7.359439] e1000 0000:00:08.0 eth1: (PCI:33MHz:32-bit) 08:00:27:20:fb:4e
[    7.367923] e1000 0000:00:08.0 eth1: Intel(R) PRO/1000 Network Connection
[    7.379927] e1000 0000:00:03.0 enp0s3: renamed from eth0
[    7.527418] e1000 0000:00:08.0 enp0s8: renamed from eth1
Begin: Loading essential drivers ... [    9.408702] md: linear personality registered for level -1
[    9.433981] md: multipath personality registered for level -4
[    9.449900] md: raid0 personality registered for level 0
[    9.458216] md: raid1 personality registered for level 1
[    9.549921] raid6: sse2x1   gen()  3315 MB/s
[    9.621525] raid6: sse2x1   xor()  2882 MB/s
[    9.690406] raid6: sse2x2   gen()  6263 MB/s
[    9.761767] raid6: sse2x2   xor()  3543 MB/s
[    9.829364] raid6: sse2x4   gen()  6499 MB/s
[    9.897346] raid6: sse2x4   xor()  4310 MB/s
[    9.966082] raid6: avx2x1   gen()  6396 MB/s
[   10.048709] raid6: avx2x2   gen()  5045 MB/s
[   10.174160] raid6: avx2x4   gen()  1952 MB/s
[   10.214727] raid6: using algorithm sse2x4 gen() 6499 MB/s
[   10.258422] raid6: .... xor() 4310 MB/s, rmw enabled
[   10.267878] raid6: using avx2x2 recovery algorithm
[   10.285050] xor: automatically using best checksumming function:
[   10.329406]    avx       : 15103.000 MB/sec
[   10.334694] async_tx: api initialized (async)
[   10.397928] md: raid6 personality registered for level 6
[   10.410328] md: raid5 personality registered for level 5
[   10.415014] md: raid4 personality registered for level 4
[   10.466655] md: raid10 personality registered for level 10
done.
Begin: Running /scripts/init-premount ... done.
Begin: Mounting root file system ... Begin: Running /scripts/local-top ... done.
Begin: Running /scripts/local-premount ... [   10.665191] Btrfs loaded
Scanning for Btrfs filesystems
done.
Warning: fsck not present, so skipping root file system
[   10.799588] EXT4-fs (sda1): INFO: recovery required on readonly filesystem
[   10.811912] EXT4-fs (sda1): write access will be enabled during recovery
[   10.976184] EXT4-fs (sda1): recovery complete
[   10.988423] EXT4-fs (sda1): mounted filesystem with ordered data mode. Opts: (null)
done.
Begin: Running /scripts/local-bottom ... done.
Begin: Running /scripts/init-bottom ... done.
[   11.383665] systemd[1]: systemd 229 running in system mode. (+PAM +AUDIT +SELINUX +IMA +APPARMOR +SMACK +SYSVINIT +UTMP +LIBCRYPTSETUP +GCRYPT +GNUTLS +ACL +XZ -LZ4 +SECCOMP +BLKID +ELFUTILS +KMOD -IDN)
[   11.391606] systemd[1]: Detected virtualization oracle.
[   11.396273] systemd[1]: Detected architecture x86-64.

Welcome to [1mUbuntu 16.04.6 LTS[0m!

[   11.406907] systemd[1]: Set hostname to <ubuntu-xenial>.
[   11.783616] random: nonblocking pool is initialized
[   12.141769] systemd[1]: Listening on Device-mapper event daemon FIFOs.
[[0;32m  OK  [0m] Listening on Device-mapper event daemon FIFOs.
[   12.152806] systemd[1]: Created slice User and Session Slice.
[[0;32m  OK  [0m] Created slice User and Session Slice.
[   12.158082] systemd[1]: Listening on LVM2 poll daemon socket.
[[0;32m  OK  [0m] Listening on LVM2 poll daemon socket.
[   12.183337] systemd[1]: Reached target User and Group Name Lookups.
[[0;32m  OK  [0m] Reached target User and Group Name Lookups.
[   12.190165] systemd[1]: Listening on udev Control Socket.
[[0;32m  OK  [0m] Listening on udev Control Socket.
[   12.198137] systemd[1]: Started Trigger resolvconf update for networkd DNS.
[[0;32m  OK  [0m] Started Trigger resolvconf update for networkd DNS.
[   12.209910] systemd[1]: Listening on /dev/initctl Compatibility Named Pipe.
[[0;32m  OK  [0m] Listening on /dev/initctl Compatibility Named Pipe.
[   12.430446] systemd[1]: Listening on Journal Audit Socket.
[[0;32m  OK  [0m] Listening on Journal Audit Socket.
[   12.439331] systemd[1]: Listening on udev Kernel Socket.
[[0;32m  OK  [0m] Listening on udev Kernel Socket.
[   12.457955] systemd[1]: Set up automount Arbitrary Executable File Formats File System Automount Point.
[[0;32m  OK  [0m] Set up automount Arbitrary Executab...ats File System Automount Point.
[   12.471499] systemd[1]: Reached target System Time Synchronized.
[[0;32m  OK  [0m] Reached target System Time Synchronized.
[   13.175810] systemd[1]: Listening on Syslog Socket.
[[0;32m  OK  [0m] Listening on Syslog Socket.
[   13.191284] systemd[1]: Listening on Journal Socket (/dev/log).
[[0;32m  OK  [0m] Listening on Journal Socket (/dev/log).
[   13.723262] systemd[1]: Listening on Journal Socket.
[[0;32m  OK  [0m] Listening on Journal Socket.
[   13.733779] systemd[1]: Listening on LVM2 metadata daemon socket.
[[0;32m  OK  [0m] Listening on LVM2 metadata daemon socket.
[   13.744994] systemd[1]: Started Forward Password Requests to Wall Directory Watch.
[[0;32m  OK  [0m] Started Forward Password Requests to Wall Directory Watch.
[   13.756801] systemd[1]: Created slice System Slice.
[[0;32m  OK  [0m] Created slice System Slice.
[   13.774182] systemd[1]: Starting Remount Root and Kernel File Systems...
         Starting Remount Root and Kernel File Systems...
[   13.839480] systemd[1]: Starting Uncomplicated firewall...
         Starting Uncomplicated firewall.[   13.851639] EXT4-fs (sda1): re-mounted. Opts: (null)
..
[   13.862023] systemd[1]: Starting Nameserver information manager...
         Starting Nameserver information manager...
[   13.885953] systemd[1]: Mounting Debug File System...
         Mounting Debug File System...
[   13.890907] systemd[1]: Created slice system-serial\x2dgetty.slice.
[[0;32m  OK  [0m] Created slice system-serial\x2dgetty.slice.
[   13.896215] systemd[1]: Mounting Huge Pages File System...
         Mounting Huge Pages File System...
[   13.906092] systemd[1]: Reached target Slices.
[[0;32m  OK  [0m] Reached target Slices.
[   13.938073] systemd[1]: Mounting POSIX Message Queue File System...
         Mounting POSIX Message Queue File System...
[   13.955533] systemd[1]: Starting Set console keymap...
         Starting Set console keymap...
[   13.963825] systemd[1]: Starting Journal Service...
         Starting Journal Service...
[   14.012689] systemd[1]: Starting Create list of required static device nodes for the current kernel...
         Starting Create list of required st... nodes for the current kernel...
[   14.038300] systemd[1]: Starting Load Kernel Modules...
         Starting Load Kernel Modules...
[   14.087531] systemd[1]: Starting Monitoring of LVM2 mirrors, snapshots etc. using dmeventd or progress polling...
         Starting Monitoring of LVM2 mirrors... dmeventd or progress polling...
[   14.109075] systemd[1]: Reached target Encrypted Volumes.
[[0;32m  OK  [0m] Reached target Encrypted Volumes.
[   14.135389] systemd[1]: Reached target Swap.
[   14.152104] Loading iSCSI transport class v2.0-870.
[[0;32m  OK  [0m] Reached target Swap.
[   14.179814] systemd[1]: Mounted Huge Pages File System.
[[0;32m  OK  [0m] Mounted Huge Pages File System.
[   14.189243] systemd[1]: Mounted POSIX Message Queue File System.
[[0;32m  OK  [0m] Mounted POSIX Message Queue File System.
[   14.212126] systemd[1]: Mounted Debug File System.
[[0;32m  OK  [0m] Mounted Debug File System.
[   14.231448] systemd[1]: Started Journal Service.
[[0;32m  OK  [0m] Started Journal [   14.238038] iscsi: registered transport (tcp)
Service.
[[0;32m  OK  [0m] Started Remount Root and Kernel File Systems.
[[0;32m  OK  [0m] Started Uncomplicated firewall.
[[0;32m  OK  [0m] Started Set console keymap.
[[0;32m  OK  [0m] Started Create list of required sta...ce nodes for the current kernel.
[   14.342148] iscsi: registered transport (iser)
[[0;32m  OK  [0m] Started Load Kernel Modules.
[[0;32m  OK  [0m] Started Nameserver information manager.
[[0;32m  OK  [0m] Started LVM2 metadata daemon.
         Mounting FUSE Control File System...
         Starting Apply Kernel Variables...
         Starting Create Static Device Nodes in /dev...
         Starting Load/Save Random Seed...
         Starting udev Coldplug all Devices...
         Starting Flush Journal to Persistent Storage...
[[0;32m  OK  [0m] Mounted FUSE Control File System.
[[0;32m  OK  [0m] Started Apply Kernel Variables.
[[0;32m  OK  [0m] Started Load/Save Random Seed.
[[0;32m  OK  [0m] Started Create Static Device Nodes in /dev.
         Starting udev Kernel Device Manager...
[[0;32m  OK  [0m] Started Monitoring of LVM2 mirrors,...ng dmeventd or progress polling.
[[0;32m  OK  [0m] Reached target Local File Systems (Pre).
[[0;32m  OK  [0m] Reached target Local File Systems.
         Starting Tell Plymouth To Write Out Runtime Data...
         Starting LSB: AppArmor initialization...
         Starting Initial cloud-init job (pre-networking)...
         Starting Set console font and keymap...
[[0;32m  OK  [0m] Started Flush Journal to Persistent Storage.
[[0;32m  OK  [0m] Started Tell Plymouth To Write Out Runtime Data.
[[0;32m  OK  [0m] Started udev Kernel Device Manager.
         Starting Create Volatile Files and Directories...
[[0;32m  OK  [0m] Started udev Coldplug all Devices.
[[0;32m  OK  [0m] Started Dispatch Password Requests to Console Directory Watch.
[[0;32m  OK  [0m] Started Create Volatile Files and Directories.
         Starting Update UTMP about System Boot/Shutdown...
[[0;32m  OK  [0m] Started Update UTMP about System Boot/Shutdown.
[[0;32m  OK  [0m] Started LSB: AppArmor initialization.
         Starting Load AppArmor profiles managed internally by snapd...
[[0;32m  OK  [0m] Started Load AppArmor profiles managed internally by snapd.
[[0;32m  OK  [0m] Found device /dev/ttyS0.
[[0;32m  OK  [0m] Started Set console font and keymap.
[[0;32m  OK  [0m] Created slice system-getty.slice.
[[0;32m  OK  [0m] Listening on Load/Save RF Kill Switch Status /dev/rfkill Watch.
[[0;32m  OK  [0m] Found device 82540EM Gigabit Ethern...r (PRO/1000 MT Desktop Adapter).
[[0;32m  OK  [0m] Found device 82540EM Gigabit Ethern...r (PRO/1000 MT Desktop Adapter).
[   18.863533] cloud-init[467]: Cloud-init v. 20.2-45-g5f7825e2-0ubuntu1~16.04.1 running 'init-local' at Tue, 04 Aug 2020 13:22:15 +0000. Up 17.48 seconds.
[[0;32m  OK  [0m] Started Initial cloud-init job (pre-networking).
[[0;32m  OK  [0m] Reached target Network (Pre).
         Starting Raise network interfaces...
[[0;32m  OK  [0m] Started ifup for enp0s8.
[[0;32m  OK  [0m] Started ifup for enp0s3.
[[0;32m  OK  [0m] Started Raise network interfaces.
[[0;32m  OK  [0m] Reached target Network.
         Starting Initial cloud-init job (metadata service crawler)...
[   21.068924] cloud-init[1072]: Cloud-init v. 20.2-45-g5f7825e2-0ubuntu1~16.04.1 running 'init' at Tue, 04 Aug 2020 13:22:18 +0000. Up 20.49 seconds.
[   21.090298] cloud-init[1072]: ci-info: ++++++++++++++++++++++++++++++++++++++Net device info+++++++++++++++++++++++++++++++++++++++
[   21.096562] cloud-init[1072]: ci-info: +--------+------+-----------------------------+---------------+--------+-------------------+
[   21.101579] cloud-init[1072]: ci-info: | Device |  Up  |           Address           |      Mask     | Scope  |     Hw-Address    |
[   21.109291] cloud-init[1072]: ci-info: +--------+------+-----------------------------+---------------+--------+-------------------+
[   21.121014] cloud-init[1072]: ci-info: | enp0s3 | True |          10.0.2.15          | 255.255.255.0 | global | 02:81:88:50:25:98 |
[   21.127818] cloud-init[1072]: ci-info: | enp0s3 | True |  fe80::81:88ff:fe50:2598/64 |       .       |  link  | 02:81:88:50:25:98 |
[   21.134784] cloud-init[1072]: ci-info: | enp0s8 | True |        192.168.10.100       | 255.255.255.0 | global | 08:00:27:20:fb:4e |
[   21.158141] cloud-init[1072]: ci-info: | enp0s8 | True | fe80::a00:27ff:fe20:fb4e/64 |       .       |  link  | 08:00:27:20:fb:4e |
[   21.162868] cloud-init[1072]: ci-info: |   lo   | True |          127.0.0.1          |   255.0.0.0   |  host  |         .         |
[   21.166991] cloud-init[1072]: ci-info: |   lo   | True |           ::1/128           |       .       |  host  |         .         |
[   21.175508] cloud-init[1072]: ci-info: +--------+------+-----------------------------+---------------+--------+-------------------+
[   21.183307] cloud-init[1072]: ci-info: ++++++++++++++++++++++++++++Route IPv4 info++++++++++++++++++++++++++++
[   21.187685] cloud-init[1072]: ci-info: +-------+--------------+----------+---------------+-----------+-------+
[   21.191916] cloud-init[1072]: ci-info: | Route | Destination  | Gateway  |    Genmask    | Interface | Flags |
[   21.198668] cloud-init[1072]: ci-info: +-------+--------------+----------+---------------+-----------+-------+
[   21.203105] cloud-init[1072]: ci-info: |   0   |   0.0.0.0    | 10.0.2.2 |    0.0.0.0    |   enp0s3  |   UG  |
[   21.220832] cloud-init[1072]: ci-info: |   1   |   10.0.2.0   | 0.0.0.0  | 255.255.255.0 |   enp0s3  |   U   |
[   21.233373] cloud-init[1072]: ci-info: |   2   | 192.168.10.0 | 0.0.0.0  | 255.255.255.0 |   enp0s8  |   U   |
[   21.247326] cloud-init[1072]: ci-info: +-------+--------------+----------+---------------+-----------+-------+
[   21.250227] cloud-init[1072]: ci-info: +++++++++++++++++++Route IPv6 info+++++++++++++++++++
[   21.253924] cloud-init[1072]: ci-info: +-------+-------------+---------+-----------+-------+
[   21.264678] cloud-init[1072]: ci-info: | Route | Destination | Gateway | Interface | Flags |
[   21.284195] cloud-init[1072]: ci-info: +-------+-------------+---------+-----------+-------+
[   21.295833] cloud-init[1072]: ci-info: |   0   |  fe80::/64  |    ::   |   enp0s8  |   U   |
[   21.318945] cloud-init[1072]: ci-info: |   1   |  fe80::/64  |    ::   |   enp0s3  |   U   |
[   21.328262] cloud-init[1072]: ci-info: |   4   |   ff00::/8  |    ::   |   enp0s8  |   U   |
[[0;32m  OK  [0m] Started Initial cloud-init job (metadata service crawler).
[[0;32m  OK  [0m] Reached target System Initialization.
         Starting LXD - unix socket.[   21.335676] cloud-init[1072]: ci-info: |   5   |   ff00::/8  |    ::   |   enp0s3  |   U   |
[   21.340477] cloud-init[1072]: ci-info: +-------+-------------+---------+-----------+-------+

[[0;32m  OK  [0m] Started Message of the Day.
[[0;32m  OK  [0m] Started ACPI Events Check.
[[0;32m  OK  [0m] Reached target Paths.
[[0;32m  OK  [0m] Started Daily Cleanup of Temporary Directories.
[[0;32m  OK  [0m] Listening on UUID daemon activation socket.
         Starting Socket activation for snappy daemon.
[[0;32m  OK  [0m] Started Daily apt download activities.
[[0;32m  OK  [0m] Started Daily apt upgrade and clean activities.
[[0;32m  OK  [0m] Reached target Timers.
[[0;32m  OK  [0m] Listening on D-Bus System Message Bus Socket.
[[0;32m  OK  [0m] Listening on ACPID Listen Socket.
[[0;32m  OK  [0m] Reached target Cloud-config availability.
[[0;32m  OK  [0m] Reached target Network is Online.
         Starting iSCSI initiator daemon (iscsid)...
[[0;32m  OK  [0m] Listening on LXD - unix socket.
[[0;32m  OK  [0m] Listening on Socket activation for snappy daemon.
[[0;32m  OK  [0m] Reached target Sockets.
[[0;32m  OK  [0m] Reached target Basic System.
[[0;32m  OK  [0m] Started ACPI event daemon.
         Starting Accounts Service...
         Starting Snap Daemon...
         Starting OpenBSD Secure Shell server...
[[0;32m  OK  [0m] Started FUSE filesystem for LXC.
[[0;32m  OK  [0m] Started Regular background program processing daemon.
         Starting Virtualbox guest utils...
         Starting Login Service...
         Starting /etc/rc.local Compatibility...
[[0;32m  OK  [0m] Started Deferred execution scheduler.
         Starting System Logging Service...
         Starting LSB: Record successful boot for GRUB...
         Starting LSB: MD monitoring daemon...
         Starting LXD - container startup/shutdown...
         Starting A high performance web server and a reverse proxy server...
[[0;32m  OK  [0m] Started D-Bus System Message Bus.
[[0;32m  OK  [0m] Started System Logging Service.
[[0;32m  OK  [0m] Started /etc/rc.local Compatibility.
[[0;32m  OK  [0m] Started Login Service.
[[0;32m  OK  [0m] Started Unattended Upgrades Shutdown.
         Starting Authenticate and Authorize Users to Run Privileged Tasks...
[[0;32m  OK  [0m] Started iSCSI initiator daemon (iscsid).
         Starting Login to default iSCSI targets...
[[0;32m  OK  [0m] Started LSB: MD monitoring daemon.
[[0;32m  OK  [0m] Started Login to default iSCSI targets.
[[0;32m  OK  [0m] Started LSB: Record successful boot for GRUB.
[[0;32m  OK  [0m] Reached target Remote File Systems (Pre).
[[0;32m  OK  [0m] Reached target Remote File Systems.
         Starting LSB: Set the CPU Frequency Scaling governor to "ondemand"...
         Starting Permit User Sessions...
         Starting LSB: daemon to balance interrupts for SMP systems...
         Starting LSB: automatic crash report generation...
[[0;32m  OK  [0m] Started OpenBSD Secure Shell server.
[[0;32m  OK  [0m] Started Authenticate and Authorize Users to Run Privileged Tasks.
[[0;32m  OK  [0m] Started Accounts Service.
[[0;32m  OK  [0m] Started Permit User Sessions.
         Starting Terminate Plymouth Boot Screen...
         Starting Hold until boot process finishes up...
[[0;32m  OK  [0m] Started LXD - container startup/shutdown.
[[0;32m  OK  [0m] Started A high performance web server and a reverse proxy server.
[[0;32m  OK  [0m] Started Hold until boot process finishes up.
[[0;32m  OK  [0m] Started Terminate Plymouth Boot Screen.
[[0;32m  OK  [0m] Started Serial Getty on ttyS0.
         Starting Set console scheme...
[[0;32m  OK  [0m] Started Getty on tty1.
[[0;32m  OK  [0m] Reached target Login Prompts.
[[0;32m  OK  [0m] Started LSB: Set the CPU Frequency Scaling governor to "ondemand".
[[0;32m  OK  [0m] Started LSB: daemon to balance interrupts for SMP systems.
[[0;32m  OK  [0m] Started LSB: automatic crash report generation.
[[0;32m  OK  [0m] Started Set console scheme.
[[0;32m  OK  [0m] Started Virtualbox guest utils.
[[0;32m  OK  [0m] Started Snap Daemon.
         Starting Wait until snapd is fully seeded...
[[0;32m  OK  [0m] Started Wait until snapd is fully seeded.
         Starting Apply the settings specified in cloud-config...
[[0;32m  OK  [0m] Reached target Multi-User System.
[[0;32m  OK  [0m] Reached target Graphical Interface.
         Starting Update UTMP about System Runlevel Changes...
[[0;32m  OK  [0m] Started Update UTMP about System Runlevel Changes.
[[0;32m  OK  [0m] Created slice User Slice of vagrant.
         Starting User Manager for UID 1000...
[[0;32m  OK  [0m] Started Session 1 of user vagrant.
[[0;32m  OK  [0m] Started User Manager for UID 1000.
[   26.533072] cloud-init[1356]: Cloud-init v. 20.2-45-g5f7825e2-0ubuntu1~16.04.1 running 'modules:config' at Tue, 04 Aug 2020 13:22:24 +0000. Up 25.88 seconds.
[[0;32m  OK  [0m] Started Apply the settings specified in cloud-config.
         Starting Execute cloud user/final scripts...
[   28.664057] cloud-init[1439]: Cloud-init v. 20.2-45-g5f7825e2-0ubuntu1~16.04.1 running 'modules:final' at Tue, 04 Aug 2020 13:22:26 +0000. Up 28.42 seconds.
[   28.699641] cloud-init[1439]: Cloud-init v. 20.2-45-g5f7825e2-0ubuntu1~16.04.1 finished at Tue, 04 Aug 2020 13:22:26 +0000. Datasource DataSourceNoCloud [seed=/dev/sdb][dsmode=net].  Up 28.65 seconds

Ubuntu 16.04.6 LTS ubuntu-xenial ttyS0

ubuntu-xenial login: 